app/mapping.txt
com.badou.mworking.AboutUsActivity -> com.badou.mworking.AboutUsActivity:
    android.widget.TextView tvInfo -> tvInfo
    android.widget.CheckBox cbPush -> cbPush
    android.widget.CheckBox cbSave -> cbSave
    49:55:void onCreate(android.os.Bundle) -> onCreate
    58:63:void initData() -> a
    67:136:void checkUpdate() -> checkUpdate
    141:142:void clearCache() -> clearCache
    147:153:void frequentQuestion() -> frequentQuestion
    158:171:void contactUs() -> contactUs
    176:181:void saveInternetOption(android.widget.CompoundButton,boolean) -> saveInternetOption
    186:197:void closePushOption(android.widget.CompoundButton,boolean) -> closePushOption
    38:38:android.app.Activity access$000(com.badou.mworking.AboutUsActivity) -> a
    38:38:com.badou.mworking.widget.WaitProgressDialog access$100(com.badou.mworking.AboutUsActivity) -> b
    38:38:com.badou.mworking.widget.WaitProgressDialog access$200(com.badou.mworking.AboutUsActivity) -> c
    38:38:com.badou.mworking.widget.WaitProgressDialog access$300(com.badou.mworking.AboutUsActivity) -> d
    38:38:android.app.Activity access$400(com.badou.mworking.AboutUsActivity) -> e
    38:38:com.badou.mworking.widget.WaitProgressDialog access$500(com.badou.mworking.AboutUsActivity) -> f
    38:38:com.badou.mworking.widget.WaitProgressDialog access$600(com.badou.mworking.AboutUsActivity) -> g
    38:38:com.badou.mworking.widget.WaitProgressDialog access$700(com.badou.mworking.AboutUsActivity) -> h
com.badou.mworking.AboutUsActivity$$ViewBinder -> com.badou.mworking.AboutUsActivity$$ViewBinder:
    11:71:void bind(butterknife.ButterKnife$Finder,com.badou.mworking.AboutUsActivity,java.lang.Object) -> bind
    74:77:void unbind(com.badou.mworking.AboutUsActivity) -> unbind
    8:8:void unbind(java.lang.Object) -> unbind
    8:8:void bind(butterknife.ButterKnife$Finder,java.lang.Object,java.lang.Object) -> bind
com.badou.mworking.AboutUsActivity$$ViewBinder$1 -> wb:
    com.badou.mworking.AboutUsActivity val$target -> a
    com.badou.mworking.AboutUsActivity$$ViewBinder this$0 -> b
    21:22:void onCheckedChanged(android.widget.CompoundButton,boolean) -> onCheckedChanged
com.badou.mworking.AboutUsActivity$$ViewBinder$2 -> wc:
    com.badou.mworking.AboutUsActivity val$target -> a
    com.badou.mworking.AboutUsActivity$$ViewBinder this$0 -> b
    32:33:void onCheckedChanged(android.widget.CompoundButton,boolean) -> onCheckedChanged
com.badou.mworking.AboutUsActivity$$ViewBinder$3 -> wd:
    com.badou.mworking.AboutUsActivity val$target -> a
    com.badou.mworking.AboutUsActivity$$ViewBinder this$0 -> b
    41:42:void doClick(android.view.View) -> doClick
com.badou.mworking.AboutUsActivity$$ViewBinder$4 -> we:
    com.badou.mworking.AboutUsActivity val$target -> a
    com.badou.mworking.AboutUsActivity$$ViewBinder this$0 -> b
    50:51:void doClick(android.view.View) -> doClick
com.badou.mworking.AboutUsActivity$$ViewBinder$5 -> wf:
    com.badou.mworking.AboutUsActivity val$target -> a
    com.badou.mworking.AboutUsActivity$$ViewBinder this$0 -> b
    59:60:void doClick(android.view.View) -> doClick
com.badou.mworking.AboutUsActivity$$ViewBinder$6 -> wg:
    com.badou.mworking.AboutUsActivity val$target -> a
    com.badou.mworking.AboutUsActivity$$ViewBinder this$0 -> b
    68:69:void doClick(android.view.View) -> doClick
com.badou.mworking.AboutUsActivity$1 -> wh:
    com.badou.mworking.AboutUsActivity this$0 -> a
    74:77:void onCompleted() -> onCompleted
    81:132:void onResponseSuccess(org.json.JSONObject) -> onResponseSuccess
com.badou.mworking.AboutUsActivity$1$1 -> wi:
    java.lang.String val$url -> a
    com.badou.mworking.AboutUsActivity$1 this$1 -> b
    100:126:void onClick(android.content.DialogInterface,int) -> onClick
...
com.baidu.mapapi.map.Overlay -> com.baidu.mapapi.map.Overlay:
    java.lang.String n -> n
    com.baidu.platform.comapi.map.e o -> o
    int p -> p
    boolean q -> q
    android.os.Bundle r -> r
    com.baidu.mapapi.map.Overlay$a listener -> listener
    boolean isVisible() -> isVisible
    void setVisible(boolean) -> setVisible
    int getZIndex() -> getZIndex
    void setZIndex(int) -> setZIndex
    android.os.Bundle getExtraInfo() -> getExtraInfo
    void setExtraInfo(android.os.Bundle) -> setExtraInfo
    android.os.Bundle a(android.os.Bundle) -> a
    android.os.Bundle a() -> a
    void remove() -> remove
    void a(int,android.os.Bundle) -> a
    void a(java.util.List,android.os.Bundle) -> a
com.baidu.mapapi.map.Overlay$a -> com.baidu.mapapi.map.Overlay$a:
    void a(com.baidu.mapapi.map.Overlay) -> a
    void b(com.baidu.mapapi.map.Overlay) -> b
com.baidu.mapapi.map.OverlayOptions -> com.baidu.mapapi.map.OverlayOptions:
    com.baidu.mapapi.map.Overlay a() -> a
com.baidu.mapapi.map.Polygon -> com.baidu.mapapi.map.Polygon:
    com.baidu.mapapi.map.Stroke a -> a
    int b -> b
    java.util.List c -> c
    int getFillColor() -> getFillColor
    java.util.List getPoints() -> getPoints
    com.baidu.mapapi.map.Stroke getStroke() -> getStroke
    void setFillColor(int) -> setFillColor
    void setPoints(java.util.List) -> setPoints
    void setStroke(com.baidu.mapapi.map.Stroke) -> setStroke
    android.os.Bundle a(android.os.Bundle) -> a
com.baidu.mapapi.map.PolygonOptions -> com.baidu.mapapi.map.PolygonOptions:
    com.baidu.mapapi.map.Stroke d -> d
    int e -> e
    java.util.List f -> f
    int a -> a
    boolean b -> b
    android.os.Bundle c -> c
    int getFillColor() -> getFillColor
    java.util.List getPoints() -> getPoints
    com.baidu.mapapi.map.Stroke getStroke() -> getStroke
    com.baidu.mapapi.map.PolygonOptions fillColor(int) -> fillColor
    com.baidu.mapapi.map.PolygonOptions points(java.util.List) -> points
    com.baidu.mapapi.map.PolygonOptions stroke(com.baidu.mapapi.map.Stroke) -> stroke
    com.baidu.mapapi.map.Overlay a() -> a
    com.baidu.mapapi.map.PolygonOptions visible(boolean) -> visible
    boolean isVisible() -> isVisible
    com.baidu.mapapi.map.PolygonOptions zIndex(int) -> zIndex
    int getZIndex() -> getZIndex
    com.baidu.mapapi.map.PolygonOptions extraInfo(android.os.Bundle) -> extraInfo
    android.os.Bundle getExtraInfo() -> getExtraInfo
com.baidu.mapapi.map.Polyline -> com.baidu.mapapi.map.Polyline:
    int a -> a
    java.util.List b -> b
    int c -> c
    boolean d -> d
    com.baidu.mapapi.map.BitmapDescriptor e -> e
    int getColor() -> getColor
    java.util.List getPoints() -> getPoints
    int getWidth() -> getWidth
    void setColor(int) -> setColor
    void setDottedLine(boolean) -> setDottedLine
    boolean isDottedLine() -> isDottedLine
    void setPoints(java.util.List) -> setPoints
    void setWidth(int) -> setWidth
    android.os.Bundle a(android.os.Bundle) -> a
    android.os.Bundle a(boolean) -> a