app/unused.txt
com.badou.mworking.ForgetPasswordPhoneActivity:
    private static final int totalTime
com.badou.mworking.ForgetPasswordVerificationActivity:
    private static final java.lang.String LOG
com.badou.mworking.TipsWebView:
    142:147:private void loginSuccess(org.json.JSONObject)
com.badou.mworking.VideoPlayActivity:
    private static final int VIDEOPLAY
com.badou.mworking.VideoTakeActivity:
    private static final java.lang.String saveName
com.badou.mworking.VideoTakeActivity$ClickListenerImpl
com.badou.mworking.adapter.ChatInfoAdapter:
    private static final int splitTime
com.badou.mworking.adapter.CommentAdapter:
    private int mType
com.badou.mworking.database.MTrainingDBHelper:
    private static final java.lang.String DB_NAME
    private static final int DB_VERSION
com.badou.mworking.entity.category.Category:
    java.lang.String link_to
    java.lang.String type
    java.lang.String department
com.badou.mworking.entity.category.Entry:
    int maxusr
    long deadline_c
    long startline_c
    int enroll
    int in
    java.lang.String description
com.badou.mworking.entity.category.Exam:
    int pass
com.badou.mworking.entity.category.Task:
    int qrint
com.badou.mworking.executor.JobExecutor:
    private static final int INITIAL_POOL_SIZE
    private static final int MAX_POOL_SIZE
    private static final int KEEP_ALIVE_TIME
com.badou.mworking.executor.JobExecutor$JobThreadFactory:
    private static final java.lang.String THREAD_NAME
com.badou.mworking.fragment.EntryIntroductionFragment:
    private static final java.lang.String KEY_RID
com.badou.mworking.fragment.EntryOperationFragment:
    private static final java.lang.String KEY_RID
com.badou.mworking.fragment.TrainMusicFragment:
    private static final java.lang.String KEY_RID
    private static final java.lang.String KEY_URL
    static final java.lang.String KEY_SUBJECT
com.badou.mworking.fragment.TrainVideoFragment:
    static final java.lang.String KEY_RID
    static final java.lang.String KEY_URL
    static final java.lang.String KEY_SUBJECT
    100:111:private void initView(android.os.Bundle)
    118:132:private void initListener()
com.badou.mworking.fragment.TrainVideoFragment$1:
    118:118:TrainVideoFragment$1(com.badou.mworking.fragment.TrainVideoFragment)
com.badou.mworking.fragment.WebViewFragment:
    175:180:private android.content.Intent createDefaultOpenableIntent()
    184:187:private varargs android.content.Intent createChooserIntent(android.content.Intent[])
    194:203:private android.content.Intent createCameraIntent()
    35:35:static synthetic android.webkit.ValueCallback access$000(com.badou.mworking.fragment.WebViewFragment)
    35:35:static synthetic android.webkit.ValueCallback access$002(com.badou.mworking.fragment.WebViewFragment,android.webkit.ValueCallback)
    35:35:static synthetic android.content.Intent access$100(com.badou.mworking.fragment.WebViewFragment)
com.badou.mworking.fragment.WebViewFragment$1:
    95:100:public void openFileChooser(android.webkit.ValueCallback,java.lang.String)
    104:105:public void openFileChooser(android.webkit.ValueCallback)
    109:110:public void openFileChooser(android.webkit.ValueCallback,java.lang.String,java.lang.String)
com.badou.mworking.presenter.TaskSignPresenter:
    private static final int REQUEST_QRCODE
    private static final java.lang.String RESPONSE_QRCODE
com.badou.mworking.presenter.TrainingMediaPresenter:
    private static final int HIDE_TIME
com.badou.mworking.receiver.JPushReceiver:
    private static final java.lang.String TAG
    private static final java.lang.String KEY_TYPE
    private static final java.lang.String TYPE_EXAM
    private static final java.lang.String TYPE_NOTICE
    private static final java.lang.String TYPE_TRAIN
    private static final java.lang.String TYPE_TASK
    private static final java.lang.String TYPE_CHAT
    private static final java.lang.String TYPE_TONGSHIQUAN
    90:98:private static java.lang.String printBundle(android.os.Bundle)
...
android.support.v4.view.ViewConfigurationCompatFroyo:
    24:24:ViewConfigurationCompatFroyo()
android.support.v4.view.ViewConfigurationCompatICS:
    24:24:ViewConfigurationCompatICS()
android.support.v4.view.ViewGroupCompatApi21:
    21:21:ViewGroupCompatApi21()
android.support.v4.view.ViewGroupCompatHC:
    23:24:private ViewGroupCompatHC()
android.support.v4.view.ViewGroupCompatIcs:
    26:26:ViewGroupCompatIcs()
android.support.v4.view.ViewGroupCompatJellybeanMR2:
    22:22:ViewGroupCompatJellybeanMR2()
android.support.v4.view.ViewPager:
    private static final java.lang.String TAG
    private static final boolean DEBUG
    private static final boolean USE_CACHE
    private static final int DEFAULT_OFFSCREEN_PAGES
    private static final int MAX_SETTLE_DURATION
    private static final int MIN_DISTANCE_FOR_FLING
    private static final int DEFAULT_GUTTER_SIZE
    private static final int MIN_FLING_VELOCITY
    private boolean mIgnoreGutter
    private static final int INVALID_POINTER
    private static final int CLOSE_ENOUGH
    private static final int DRAW_ORDER_DEFAULT
    private static final int DRAW_ORDER_FORWARD
    private static final int DRAW_ORDER_REVERSE
    783:784:void smoothScrollTo(int,int)
android.support.v4.view.ViewPropertyAnimatorCompat:
    private static final java.lang.String TAG
    static final int LISTENER_TAG_ID
android.support.v4.view.ViewPropertyAnimatorCompatICS:
    23:23:ViewPropertyAnimatorCompatICS()
android.support.v4.view.ViewPropertyAnimatorCompatJB:
    22:22:ViewPropertyAnimatorCompatJB()
android.support.v4.view.ViewPropertyAnimatorCompatJellybeanMr2:
    21:21:ViewPropertyAnimatorCompatJellybeanMr2()
android.support.v4.view.ViewPropertyAnimatorCompatKK:
    21:21:ViewPropertyAnimatorCompatKK()
android.support.v4.view.WindowInsetsCompatApi21
android.support.v4.view.accessibility.AccessibilityEventCompatIcs:
    25:25:AccessibilityEventCompatIcs()
    40:41:public static void setScrollable(android.view.accessibility.AccessibilityEvent,boolean)
android.support.v4.view.accessibility.AccessibilityManagerCompatIcs:
    28:30:AccessibilityManagerCompatIcs()
android.support.v4.view.accessibility.AccessibilityNodeInfoCompat$AccessibilityNodeInfoApi21Impl:
    1106:1107:public void addAction(java.lang.Object,int,java.lang.CharSequence)
android.support.v4.view.accessibility.AccessibilityNodeInfoCompat$AccessibilityNodeInfoIcsImpl:
    914:917:public void addAction(java.lang.Object,int,java.lang.CharSequence)
android.support.v4.view.accessibility.AccessibilityNodeInfoCompat$AccessibilityNodeInfoImpl:
    public abstract void addAction(java.lang.Object,int,java.lang.CharSequence)
android.support.v4.view.accessibility.AccessibilityNodeInfoCompat$AccessibilityNodeInfoStubImpl:
    616:616:public void addAction(java.lang.Object,int,java.lang.CharSequence)
android.support.v4.view.accessibility.AccessibilityNodeInfoCompatApi21:
    27:57:AccessibilityNodeInfoCompatApi21()
    34:37:static void addAction(java.lang.Object,int,java.lang.CharSequence)
android.support.v4.view.accessibility.AccessibilityNodeInfoCompatApi21$AccessibilityAction:
    57:57:AccessibilityNodeInfoCompatApi21$AccessibilityAction()
android.support.v4.view.accessibility.AccessibilityNodeInfoCompatApi21$CollectionItemInfo:
    51:51:AccessibilityNodeInfoCompatApi21$CollectionItemInfo()
android.support.v4.view.accessibility.AccessibilityNodeInfoCompatIcs:
    28:28:AccessibilityNodeInfoCompatIcs()
android.support.v4.view.accessibility.AccessibilityNodeInfoCompatJellyBean:
    26:26:AccessibilityNodeInfoCompatJellyBean()
android.support.v4.view.accessibility.AccessibilityNodeInfoCompatJellybeanMr2:
    21:21:AccessibilityNodeInfoCompatJellybeanMr2()
android.support.v4.view.accessibility.AccessibilityNodeInfoCompatKitKat:
    24:102:AccessibilityNodeInfoCompatKitKat()
android.support.v4.view.accessibility.AccessibilityNodeInfoCompatKitKat$CollectionInfo:
    66:66:AccessibilityNodeInfoCompatKitKat$CollectionInfo()